<?xml version="1.0" encoding="UTF-8"?>
<testsuite xmlns:xsi="http://www.w3.org/2001/XMLSchema-instance" xsi:noNamespaceSchemaLocation="https://maven.apache.org/surefire/maven-surefire-plugin/xsd/surefire-test-report-3.0.xsd" version="3.0" name="MyServiceTest" time="1.28" tests="7" errors="0" skipped="0" failures="0">
  <properties>
[...]
</properties>
  <testcase name="testHandlingVoidMethodsWithExceptions" classname="MyServiceTest" time="1.214">
    <system-err><![CDATA[WARNING: A Java agent has been loaded dynamically (C:\Users\aruna\.m2\repository\net\bytebuddy\byte-buddy-agent\1.14.4\byte-buddy-agent-1.14.4.jar)
WARNING: If a serviceability tool is in use, please run with -XX:+EnableDynamicAgentLoading to hide this warning
WARNING: If a serviceability tool is not in use, please run with -Djdk.instrument.traceUsage for more information
WARNING: Dynamic loading of agents will be disallowed by default in a future release
]]></system-err>
  </testcase>
  <testcase name="testExternalApi" classname="MyServiceTest" time="0.007"/>
  <testcase name="testVerifyInteraction" classname="MyServiceTest" time="0.001"/>
  <testcase name="testVerifyingInteractionOrder" classname="MyServiceTest" time="0.006"/>
  <testcase name="testMockingAndStubbingWithMultipleReturns" classname="MyServiceTest" time="0.003"/>
  <testcase name="testArgumentMatching" classname="MyServiceTest" time="0.005"/>
  <testcase name="testHandlingVoidMethods" classname="MyServiceTest" time="0.003"/>
</testsuite>